<?xml version="1.0" encoding="UTF-8"?>
<!-- Generated by org.testng.reporters.JUnitXMLReporter -->
<testsuite ignored="0" hostname="DESKTOP-MLROT9P" failures="0" tests="6" name="Default test" time="3.796" errors="0" timestamp="2026-05-25T16:24:09 IST">
  <testcase classname="tests.GetTests" name="getAllPosts_shouldReturn200AndNonEmptyList" time="1.919"/>
  <testcase classname="tests.GetTests" name="getAllUsers_shouldReturn10Users" time="0.234"/>
  <testcase classname="tests.GetTests" name="getPostById_invalidId_shouldReturn404" time="0.218"/>
  <testcase classname="tests.GetTests" name="getPostById_shouldReturnCorrectPost" time="0.241"/>
  <testcase classname="tests.GetTests" name="getPostsByUser_shouldReturnFilteredPosts" time="0.483"/>
  <testcase classname="tests.GetTests" name="getUserById_shouldHaveValidEmailFormat" time="0.192"/>
</testsuite> <!-- Default test -->
